<?xml version="1.0" encoding="UTF-8"?>
<!-- Generated by org.testng.reporters.JUnitXMLReporter -->
<testsuite ignored="0" hostname="LT-53JXL63" failures="1" tests="1" name="Test" time="34.218" errors="0" timestamp="2022-04-01T09:09:16 IST">
  <testcase classname="TestScripts.LoginTest" name="loginTest" time="23.135">
    <failure type="java.lang.AssertionError" message="The following asserts failed:
	expected [Invalid password.] but found [Authentication failed.]">
      <![CDATA[java.lang.AssertionError: The following asserts failed:
expected [Invalid password.] but found [Authentication failed.]
at TestScripts.LoginTest.loginTest(LoginTest.java:19)
at java.base/java.util.ArrayList.forEach(ArrayList.java:1511)
... Removed 29 stack frames]]>
    </failure>
  </testcase> <!-- loginTest -->
</testsuite> <!-- Test -->
